<?xml version="1.0" encoding="UTF-8"?>
<!-- Generated by org.testng.reporters.JUnitXMLReporter -->
<testsuite ignored="0" hostname="Nishants-MacBook-Pro-2.local" failures="0" tests="6" name="Test" time="5.566" errors="0" timestamp="2022-06-23T09:34:07 IST">
  <testcase classname="testNGListeners.TestNGListenersDemo" name="test1" time="0.008"/>
  <testcase classname="testNGListeners.TestNGListenersDemo" name="test2" time="5.497"/>
  <testcase classname="testNGListeners.TestNGListenersDemo" name="test3" time="0.001">
    <skipped/>
  </testcase> <!-- test3 -->
  <testcase classname="testNGListeners.TestNGListenersDemo2" name="test4" time="0.001"/>
  <testcase classname="testNGListeners.TestNGListenersDemo2" name="test5" time="0.002"/>
  <testcase classname="testNGListeners.TestNGListenersDemo2" name="test6" time="0.003">
    <skipped/>
  </testcase> <!-- test6 -->
</testsuite> <!-- Test -->
