<?xml version="1.0" encoding="UTF-8"?>
<testng-results ignored="0" total="1" passed="1" failed="0" skipped="0">
  <reporter-output>
  </reporter-output>
  <suite started-at="2022-06-19T20:01:16 IST" name="Default suite" finished-at="2022-06-19T20:01:29 IST" duration-ms="12886">
    <groups>
    </groups>
    <test started-at="2022-06-19T20:01:16 IST" name="Default test" finished-at="2022-06-19T20:01:29 IST" duration-ms="12886">
      <class name="testCases.verifyLoginFlow2">
        <test-method is-config="true" signature="browserSetup()[pri:0, instance:testCases.verifyLoginFlow2@49c386c8]" started-at="2022-06-19T20:01:16 IST" name="browserSetup" finished-at="2022-06-19T20:01:23 IST" duration-ms="7014" status="PASS">
          <reporter-output>
          </reporter-output>
        </test-method> <!-- browserSetup -->
        <test-method signature="loginFb()[pri:0, instance:testCases.verifyLoginFlow2@49c386c8]" started-at="2022-06-19T20:01:24 IST" name="loginFb" finished-at="2022-06-19T20:01:29 IST" duration-ms="5385" status="PASS">
          <reporter-output>
          </reporter-output>
        </test-method> <!-- loginFb -->
        <test-method is-config="true" signature="quitBrowser()[pri:0, instance:testCases.verifyLoginFlow2@49c386c8]" started-at="2022-06-19T20:01:29 IST" name="quitBrowser" finished-at="2022-06-19T20:01:29 IST" duration-ms="415" status="PASS">
          <reporter-output>
          </reporter-output>
        </test-method> <!-- quitBrowser -->
      </class> <!-- testCases.verifyLoginFlow2 -->
    </test> <!-- Default test -->
  </suite> <!-- Default suite -->
</testng-results>
