<?xml version="1.0" encoding="UTF-8"?>
<testng-results ignored="0" total="1" passed="1" failed="0" skipped="0">
  <reporter-output>
  </reporter-output>
  <suite started-at="2022-07-12T13:00:32 IST" name="Default suite" finished-at="2022-07-12T13:00:44 IST" duration-ms="11435">
    <groups>
    </groups>
    <test started-at="2022-07-12T13:00:32 IST" name="Default test" finished-at="2022-07-12T13:00:44 IST" duration-ms="11435">
      <class name="keypress.SendKeysDemo2">
        <test-method is-config="true" signature="setup()[pri:0, instance:keypress.SendKeysDemo2@4b5a5ed1]" started-at="2022-07-12T13:00:32 IST" name="setup" finished-at="2022-07-12T13:00:35 IST" duration-ms="2657" status="PASS">
          <reporter-output>
          </reporter-output>
        </test-method> <!-- setup -->
        <test-method signature="sendKey()[pri:0, instance:keypress.SendKeysDemo2@4b5a5ed1]" started-at="2022-07-12T13:00:35 IST" name="sendKey" finished-at="2022-07-12T13:00:44 IST" duration-ms="8623" status="PASS">
          <reporter-output>
          </reporter-output>
        </test-method> <!-- sendKey -->
        <test-method is-config="true" signature="tearDown()[pri:0, instance:keypress.SendKeysDemo2@4b5a5ed1]" started-at="2022-07-12T13:00:44 IST" name="tearDown" finished-at="2022-07-12T13:00:44 IST" duration-ms="115" status="PASS">
          <reporter-output>
          </reporter-output>
        </test-method> <!-- tearDown -->
      </class> <!-- keypress.SendKeysDemo2 -->
    </test> <!-- Default test -->
  </suite> <!-- Default suite -->
</testng-results>
